{
  "numFailedTestSuites": 1,
  "numFailedTests": 3,
  "numPassedTestSuites": 2,
  "numPassedTests": 8,
  "numPendingTestSuites": 0,
  "numPendingTests": 0,
  "numRuntimeErrorTestSuites": 0,
  "numTodoTests": 0,
  "numTotalTestSuites": 3,
  "numTotalTests": 11,
  "openHandles": [],
  "snapshot": {
    "added": 0,
    "didUpdate": false,
    "failure": false,
    "filesAdded": 0,
    "filesRemoved": 0,
    "filesRemovedList": [],
    "filesUnmatched": 0,
    "filesUpdated": 0,
    "matched": 0,
    "total": 0,
    "unchecked": 0,
    "uncheckedKeysByFile": [],
    "unmatched": 0,
    "updated": 0
  },
  "startTime": 1654878086722,
  "success": false,
  "testResults": [
    {
      "leaks": false,
      "numFailingTests": 3,
      "numPassingTests": 5,
      "numPendingTests": 0,
      "numTodoTests": 0,
      "openHandles": [],
      "perfStats": {
        "end": 1654878120280,
        "runtime": 33485,
        "slow": true,
        "start": 1654878086795
      },
      "skipped": false,
      "snapshot": {
        "added": 0,
        "fileDeleted": false,
        "matched": 0,
        "unchecked": 0,
        "uncheckedKeys": [],
        "unmatched": 0,
        "updated": 0
      },
      "testFilePath": "/home/vsts/work/1/s/src/ws/winktoken.route.spec.ts",
      "testResults": [
        {
          "ancestorTitles": [
            "Route /ws_winktoken",
            "Positive Test Cases",
            "WS wss://app-payfaveuserservice-dev-001.azurewebsites.net/ws_winktoken/123/true/true"
          ],
          "duration": 49,
          "failureDetails": [],
          "failureMessages": [],
          "fullName": "Route /ws_winktoken Positive Test Cases WS wss://app-payfaveuserservice-dev-001.azurewebsites.net/ws_winktoken/123/true/true Should return type 0 after sending face and audio correctly.",
          "invocations": 1,
          "location": null,
          "numPassingAsserts": 0,
          "retryReasons": [],
          "status": "passed",
          "title": "Should return type 0 after sending face and audio correctly."
        },
        {
          "ancestorTitles": [
            "Route /ws_winktoken",
            "Positive Test Cases",
            "WS wss://app-payfaveuserservice-dev-001.azurewebsites.net/ws_winktoken/123/true/true"
          ],
          "duration": 3078,
          "failureDetails": [],
          "failureMessages": [],
          "fullName": "Route /ws_winktoken Positive Test Cases WS wss://app-payfaveuserservice-dev-001.azurewebsites.net/ws_winktoken/123/true/true Should return type 0 after sending face only correctly.",
          "invocations": 1,
          "location": null,
          "numPassingAsserts": 0,
          "retryReasons": [],
          "status": "passed",
          "title": "Should return type 0 after sending face only correctly."
        },
        {
          "ancestorTitles": [
            "Route /ws_winktoken",
            "Positive Test Cases",
            "WS wss://app-payfaveuserservice-dev-001.azurewebsites.net/ws_winktoken/123/true/true"
          ],
          "duration": 10393,
          "failureDetails": [
            {
              "matcherResult": {
                "message": "expect(received).not.toMatchObject(expected)\n\nExpected: not {\"errorSymbio\": \"We detected an error in Symbio:  - Unknown server error\"}",
                "pass": true
              }
            },
            {
              "matcherResult": {
                "expected": "voice_result",
                "message": "expect(received).toBe(expected) // Object.is equality\n\nExpected: \"voice_result\"\nReceived: undefined",
                "name": "toBe",
                "pass": false
              }
            }
          ],
          "failureMessages": [
            "Error: expect(received).not.toMatchObject(expected)\n\nExpected: not {\"errorSymbio\": \"We detected an error in Symbio:  - Unknown server error\"}\n    at expectNotUnknownServerError (/home/vsts/work/1/s/src/utils/symbioVerifications.ts:2:24)\n    at /home/vsts/work/1/s/src/ws/winktoken.route.spec.ts:61:56\n    at Object.expectMessage (/home/vsts/work/1/s/node_modules/superwstest/build/superwstest.js:169:22)\n    at processTicksAndRejections (node:internal/process/task_queues:96:5)",
            "Error: expect(received).toBe(expected) // Object.is equality\n\nExpected: \"voice_result\"\nReceived: undefined\n    at /home/vsts/work/1/s/src/ws/winktoken.route.spec.ts:126:52\n    at Object.expectMessage (/home/vsts/work/1/s/node_modules/superwstest/build/superwstest.js:169:22)\n    at processTicksAndRejections (node:internal/process/task_queues:96:5)"
          ],
          "fullName": "Route /ws_winktoken Positive Test Cases WS wss://app-payfaveuserservice-dev-001.azurewebsites.net/ws_winktoken/123/true/true Should return type 3 having a device after sending face and audio with quality between 0.5 and 0.8.",
          "invocations": 1,
          "location": null,
          "numPassingAsserts": 0,
          "retryReasons": [],
          "status": "failed",
          "title": "Should return type 3 having a device after sending face and audio with quality between 0.5 and 0.8."
        },
        {
          "ancestorTitles": [
            "Route /ws_winktoken",
            "Positive Test Cases",
            "WS wss://app-payfaveuserservice-dev-001.azurewebsites.net/ws_winktoken/0/true/true"
          ],
          "duration": 6859,
          "failureDetails": [
            {
              "matcherResult": {
                "expected": "voice_result",
                "message": "expect(received).toBe(expected) // Object.is equality\n\nExpected: \"voice_result\"\nReceived: undefined",
                "name": "toBe",
                "pass": false
              }
            }
          ],
          "failureMessages": [
            "Error: expect(received).toBe(expected) // Object.is equality\n\nExpected: \"voice_result\"\nReceived: undefined\n    at /home/vsts/work/1/s/src/ws/winktoken.route.spec.ts:175:56\n    at Object.expectMessage (/home/vsts/work/1/s/node_modules/superwstest/build/superwstest.js:169:22)\n    at processTicksAndRejections (node:internal/process/task_queues:96:5)"
          ],
          "fullName": "Route /ws_winktoken Positive Test Cases WS wss://app-payfaveuserservice-dev-001.azurewebsites.net/ws_winktoken/0/true/true Should return type 4 not having a device after sending face and audio with quality between 0.5 and 0.8.",
          "invocations": 1,
          "location": null,
          "numPassingAsserts": 0,
          "retryReasons": [],
          "status": "failed",
          "title": "Should return type 4 not having a device after sending face and audio with quality between 0.5 and 0.8."
        },
        {
          "ancestorTitles": [
            "Route /ws_winktoken",
            "Positive Test Cases",
            "WS wss://app-payfaveuserservice-dev-001.azurewebsites.net/ws_winktoken/123/true/false"
          ],
          "duration": 5673,
          "failureDetails": [
            {
              "matcherResult": {
                "expected": "end_session",
                "message": "expect(received).toBe(expected) // Object.is equality\n\nExpected: \"end_session\"\nReceived: undefined",
                "name": "toBe",
                "pass": false
              }
            }
          ],
          "failureMessages": [
            "Error: expect(received).toBe(expected) // Object.is equality\n\nExpected: \"end_session\"\nReceived: undefined\n    at /home/vsts/work/1/s/src/ws/winktoken.route.spec.ts:206:47\n    at Object.expectMessage (/home/vsts/work/1/s/node_modules/superwstest/build/superwstest.js:169:22)\n    at processTicksAndRejections (node:internal/process/task_queues:96:5)"
          ],
          "fullName": "Route /ws_winktoken Positive Test Cases WS wss://app-payfaveuserservice-dev-001.azurewebsites.net/ws_winktoken/123/true/false Should return type 10 after sending face with quality between 0.5 and 0.8 and no audio.",
          "invocations": 1,
          "location": null,
          "numPassingAsserts": 0,
          "retryReasons": [],
          "status": "failed",
          "title": "Should return type 10 after sending face with quality between 0.5 and 0.8 and no audio."
        },
        {
          "ancestorTitles": [
            "Route /ws_winktoken",
            "Negative Test Cases",
            "WS wss://app-payfaveuserservice-dev-001.azurewebsites.net/ws_winktoken/123/true/true"
          ],
          "duration": 1547,
          "failureDetails": [],
          "failureMessages": [],
          "fullName": "Route /ws_winktoken Negative Test Cases WS wss://app-payfaveuserservice-dev-001.azurewebsites.net/ws_winktoken/123/true/true Should return \"Failure to read video file.\" error message after sending invalid face and audio data.",
          "invocations": 1,
          "location": null,
          "numPassingAsserts": 0,
          "retryReasons": [],
          "status": "passed",
          "title": "Should return \"Failure to read video file.\" error message after sending invalid face and audio data."
        },
        {
          "ancestorTitles": [
            "Route /ws_winktoken",
            "Negative Test Cases",
            "WS wss://app-payfaveuserservice-dev-001.azurewebsites.net/ws_winktoken/0/true/true"
          ],
          "duration": 1487,
          "failureDetails": [],
          "failureMessages": [],
          "fullName": "Route /ws_winktoken Negative Test Cases WS wss://app-payfaveuserservice-dev-001.azurewebsites.net/ws_winktoken/0/true/true Should return \"Failure to read video file.\" error message after sending invalid face and audio data.",
          "invocations": 1,
          "location": null,
          "numPassingAsserts": 0,
          "retryReasons": [],
          "status": "passed",
          "title": "Should return \"Failure to read video file.\" error message after sending invalid face and audio data."
        },
        {
          "ancestorTitles": [
            "Route /ws_winktoken",
            "Negative Test Cases",
            "WS wss://app-payfaveuserservice-dev-001.azurewebsites.net/ws_winktoken/123/true/false"
          ],
          "duration": 1435,
          "failureDetails": [],
          "failureMessages": [],
          "fullName": "Route /ws_winktoken Negative Test Cases WS wss://app-payfaveuserservice-dev-001.azurewebsites.net/ws_winktoken/123/true/false Should return \"Failure to read video file.\" error message after sending invalid face and audio data.",
          "invocations": 1,
          "location": null,
          "numPassingAsserts": 0,
          "retryReasons": [],
          "status": "passed",
          "title": "Should return \"Failure to read video file.\" error message after sending invalid face and audio data."
        }
      ],
      "failureMessage": "  ● Route /ws_winktoken › Positive Test Cases › WS wss://app-payfaveuserservice-dev-001.azurewebsites.net/ws_winktoken/123/true/true › Should return type 3 having a device after sending face and audio with quality between 0.5 and 0.8.\n\n    expect(received).not.toMatchObject(expected)\n\n    Expected: not {\"errorSymbio\": \"We detected an error in Symbio:  - Unknown server error\"}\n\n      1 | const expectNotUnknownServerError = (actual: any) => {\n    > 2 |     expect(actual).not.toMatchObject({\n        |                        ^\n      3 |         errorSymbio: 'We detected an error in Symbio:  - Unknown server error'\n      4 |     });\n      5 | };\n\n      at expectNotUnknownServerError (src/utils/symbioVerifications.ts:2:24)\n      at src/ws/winktoken.route.spec.ts:61:56\n      at Object.expectMessage (node_modules/superwstest/build/superwstest.js:169:22)\n\n  ● Route /ws_winktoken › Positive Test Cases › WS wss://app-payfaveuserservice-dev-001.azurewebsites.net/ws_winktoken/123/true/true › Should return type 3 having a device after sending face and audio with quality between 0.5 and 0.8.\n\n    expect(received).toBe(expected) // Object.is equality\n\n    Expected: \"voice_result\"\n    Received: undefined\n\n      124 |                         expectNotNoVoiceDataMsg(actual);\n      125 |                         expect(actual.recognition_event_uuid).not.toBeNull();\n    > 126 |                         expect(actual.result_type).toBe('voice_result');\n          |                                                    ^\n      127 |                         expect(actual.result_data).not.toBeNull();\n      128 |                     })\n      129 |                     .expectJson((actual: any) => {\n\n      at src/ws/winktoken.route.spec.ts:126:52\n      at Object.expectMessage (node_modules/superwstest/build/superwstest.js:169:22)\n\n  ● Route /ws_winktoken › Positive Test Cases › WS wss://app-payfaveuserservice-dev-001.azurewebsites.net/ws_winktoken/0/true/true › Should return type 4 not having a device after sending face and audio with quality between 0.5 and 0.8.\n\n    expect(received).toBe(expected) // Object.is equality\n\n    Expected: \"voice_result\"\n    Received: undefined\n\n      173 |                             expectNotNoVoiceDataMsg(actual);\n      174 |                             expect(actual.recognition_event_uuid).not.toBeNull();\n    > 175 |                             expect(actual.result_type).toBe('voice_result');\n          |                                                        ^\n      176 |                             expect(actual.result_data).not.toBeNull();\n      177 |                         })\n      178 |                         .expectJson((actual: any) => {\n\n      at src/ws/winktoken.route.spec.ts:175:56\n      at Object.expectMessage (node_modules/superwstest/build/superwstest.js:169:22)\n\n  ● Route /ws_winktoken › Positive Test Cases › WS wss://app-payfaveuserservice-dev-001.azurewebsites.net/ws_winktoken/123/true/false › Should return type 10 after sending face with quality between 0.5 and 0.8 and no audio.\n\n    expect(received).toBe(expected) // Object.is equality\n\n    Expected: \"end_session\"\n    Received: undefined\n\n      204 |                     })\n      205 |                     .expectJson((actual: any) => {\n    > 206 |                         expect(actual.action).toBe('end_session');\n          |                                               ^\n      207 |                         expect(actual.status).toBe('success');\n      208 |                     })\n      209 |                     .expectJson({ type: 10 })\n\n      at src/ws/winktoken.route.spec.ts:206:47\n      at Object.expectMessage (node_modules/superwstest/build/superwstest.js:169:22)\n"
    },
    {
      "leaks": false,
      "numFailingTests": 0,
      "numPassingTests": 2,
      "numPendingTests": 0,
      "numTodoTests": 0,
      "openHandles": [],
      "perfStats": {
        "end": 1654878122220,
        "runtime": 1923,
        "slow": false,
        "start": 1654878120297
      },
      "skipped": false,
      "snapshot": {
        "added": 0,
        "fileDeleted": false,
        "matched": 0,
        "unchecked": 0,
        "uncheckedKeys": [],
        "unmatched": 0,
        "updated": 0
      },
      "testFilePath": "/home/vsts/work/1/s/src/user.route.spec.ts",
      "testResults": [
        {
          "ancestorTitles": [
            "Route /User",
            "Positive Test Cases",
            "GET /User?FaceId={FaceId}"
          ],
          "duration": 28,
          "failureDetails": [],
          "failureMessages": [],
          "fullName": "Route /User Positive Test Cases GET /User?FaceId={FaceId} Should return valid data after sending valid Face IDs.",
          "invocations": 1,
          "location": null,
          "numPassingAsserts": 0,
          "retryReasons": [],
          "status": "passed",
          "title": "Should return valid data after sending valid Face IDs."
        },
        {
          "ancestorTitles": [
            "Route /User",
            "Negative Test Cases",
            "GET /User?FaceId=1"
          ],
          "duration": 239,
          "failureDetails": [],
          "failureMessages": [],
          "fullName": "Route /User Negative Test Cases GET /User?FaceId=1 Should return no data found after sending invalid Face ID.",
          "invocations": 1,
          "location": null,
          "numPassingAsserts": 0,
          "retryReasons": [],
          "status": "passed",
          "title": "Should return no data found after sending invalid Face ID."
        }
      ],
      "failureMessage": null
    },
    {
      "leaks": false,
      "numFailingTests": 0,
      "numPassingTests": 1,
      "numPendingTests": 0,
      "numTodoTests": 0,
      "openHandles": [],
      "perfStats": {
        "end": 1654878122643,
        "runtime": 418,
        "slow": false,
        "start": 1654878122225
      },
      "skipped": false,
      "snapshot": {
        "added": 0,
        "fileDeleted": false,
        "matched": 0,
        "unchecked": 0,
        "uncheckedKeys": [],
        "unmatched": 0,
        "updated": 0
      },
      "testFilePath": "/home/vsts/work/1/s/src/shipping.route.spec.ts",
      "testResults": [
        {
          "ancestorTitles": [
            "Route /Shipping",
            "Negative Test Cases",
            "GET /Shipping?visitorId=1"
          ],
          "duration": 172,
          "failureDetails": [],
          "failureMessages": [],
          "fullName": "Route /Shipping Negative Test Cases GET /Shipping?visitorId=1 Should return no data found after sending invalid FaceId.",
          "invocations": 1,
          "location": null,
          "numPassingAsserts": 0,
          "retryReasons": [],
          "status": "passed",
          "title": "Should return no data found after sending invalid FaceId."
        }
      ],
      "failureMessage": null
    }
  ],
  "wasInterrupted": false
}