{
  "numFailedTestSuites": 1,
  "numFailedTests": 1,
  "numPassedTestSuites": 2,
  "numPassedTests": 3,
  "numPendingTestSuites": 0,
  "numPendingTests": 9,
  "numRuntimeErrorTestSuites": 0,
  "numTodoTests": 0,
  "numTotalTestSuites": 3,
  "numTotalTests": 13,
  "openHandles": [],
  "snapshot": {
    "added": 0,
    "didUpdate": false,
    "failure": false,
    "filesAdded": 0,
    "filesRemoved": 0,
    "filesRemovedList": [],
    "filesUnmatched": 0,
    "filesUpdated": 0,
    "matched": 0,
    "total": 0,
    "unchecked": 0,
    "uncheckedKeysByFile": [],
    "unmatched": 0,
    "updated": 0
  },
  "startTime": 1656519129426,
  "success": false,
  "testResults": [
    {
      "leaks": false,
      "numFailingTests": 1,
      "numPassingTests": 0,
      "numPendingTests": 9,
      "numTodoTests": 0,
      "openHandles": [],
      "perfStats": {
        "end": 1656519172179,
        "runtime": 42692,
        "slow": true,
        "start": 1656519129487
      },
      "skipped": false,
      "snapshot": {
        "added": 0,
        "fileDeleted": false,
        "matched": 0,
        "unchecked": 0,
        "uncheckedKeys": [],
        "unmatched": 0,
        "updated": 0
      },
      "testFilePath": "/home/vsts/work/1/s/src/ws/winktoken.route.spec.ts",
      "testResults": [
        {
          "ancestorTitles": [
            "Route /ws_winktoken",
            "Positive Test Cases",
            "WS wss://app-payfaveuserservice-dev-001.azurewebsites.net/ws_winktoken/123/true/true"
          ],
          "duration": null,
          "failureDetails": [],
          "failureMessages": [],
          "fullName": "Route /ws_winktoken Positive Test Cases WS wss://app-payfaveuserservice-dev-001.azurewebsites.net/ws_winktoken/123/true/true Should return type 0 after sending face and audio correctly.",
          "invocations": 1,
          "location": null,
          "numPassingAsserts": 0,
          "retryReasons": [],
          "status": "pending",
          "title": "Should return type 0 after sending face and audio correctly."
        },
        {
          "ancestorTitles": [
            "Route /ws_winktoken",
            "Positive Test Cases",
            "WS wss://app-payfaveuserservice-dev-001.azurewebsites.net/ws_winktoken/123/true/true"
          ],
          "duration": null,
          "failureDetails": [],
          "failureMessages": [],
          "fullName": "Route /ws_winktoken Positive Test Cases WS wss://app-payfaveuserservice-dev-001.azurewebsites.net/ws_winktoken/123/true/true Should return type 0 after sending face only correctly.",
          "invocations": 1,
          "location": null,
          "numPassingAsserts": 0,
          "retryReasons": [],
          "status": "pending",
          "title": "Should return type 0 after sending face only correctly."
        },
        {
          "ancestorTitles": [
            "Route /ws_winktoken",
            "Positive Test Cases",
            "WS wss://app-payfaveuserservice-dev-001.azurewebsites.net/ws_winktoken/123/true/true"
          ],
          "duration": null,
          "failureDetails": [],
          "failureMessages": [],
          "fullName": "Route /ws_winktoken Positive Test Cases WS wss://app-payfaveuserservice-dev-001.azurewebsites.net/ws_winktoken/123/true/true Should return type 3 having a device after sending face and audio with quality between 0.5 and 0.8.",
          "invocations": 1,
          "location": null,
          "numPassingAsserts": 0,
          "retryReasons": [],
          "status": "pending",
          "title": "Should return type 3 having a device after sending face and audio with quality between 0.5 and 0.8."
        },
        {
          "ancestorTitles": [
            "Route /ws_winktoken",
            "Positive Test Cases",
            "WS wss://app-payfaveuserservice-dev-001.azurewebsites.net/ws_winktoken/123/true/true"
          ],
          "duration": 40003,
          "failureDetails": [
            {
              "message": "thrown: \"Exceeded timeout of 40000 ms for a test.\nUse jest.setTimeout(newTimeout) to increase the timeout value, if this is a long-running test.\""
            }
          ],
          "failureMessages": [
            "Error: thrown: \"Exceeded timeout of 40000 ms for a test.\nUse jest.setTimeout(newTimeout) to increase the timeout value, if this is a long-running test.\"\n    at /home/vsts/work/1/s/src/ws/winktoken.route.spec.ts:148:16\n    at _dispatchDescribe (/home/vsts/work/1/s/node_modules/jest-circus/build/index.js:105:26)\n    at describe (/home/vsts/work/1/s/node_modules/jest-circus/build/index.js:60:5)\n    at /home/vsts/work/1/s/src/ws/winktoken.route.spec.ts:55:9\n    at _dispatchDescribe (/home/vsts/work/1/s/node_modules/jest-circus/build/index.js:105:26)\n    at describe (/home/vsts/work/1/s/node_modules/jest-circus/build/index.js:60:5)\n    at /home/vsts/work/1/s/src/ws/winktoken.route.spec.ts:54:5\n    at _dispatchDescribe (/home/vsts/work/1/s/node_modules/jest-circus/build/index.js:105:26)\n    at describe (/home/vsts/work/1/s/node_modules/jest-circus/build/index.js:60:5)\n    at Object.<anonymous> (/home/vsts/work/1/s/src/ws/winktoken.route.spec.ts:17:1)"
          ],
          "fullName": "Route /ws_winktoken Positive Test Cases WS wss://app-payfaveuserservice-dev-001.azurewebsites.net/ws_winktoken/123/true/true Should return type 10 after sending face and audio with quality less than 0.5 and no device.",
          "invocations": 1,
          "location": null,
          "numPassingAsserts": 0,
          "retryReasons": [],
          "status": "failed",
          "title": "Should return type 10 after sending face and audio with quality less than 0.5 and no device."
        },
        {
          "ancestorTitles": [
            "Route /ws_winktoken",
            "Positive Test Cases",
            "WS wss://app-payfaveuserservice-dev-001.azurewebsites.net/ws_winktoken/123/true/true"
          ],
          "duration": null,
          "failureDetails": [],
          "failureMessages": [],
          "fullName": "Route /ws_winktoken Positive Test Cases WS wss://app-payfaveuserservice-dev-001.azurewebsites.net/ws_winktoken/123/true/true Should return type 3 after sending face and audio with quality less than 0.5 and previously resgistered device.",
          "invocations": 1,
          "location": null,
          "numPassingAsserts": 0,
          "retryReasons": [],
          "status": "pending",
          "title": "Should return type 3 after sending face and audio with quality less than 0.5 and previously resgistered device."
        },
        {
          "ancestorTitles": [
            "Route /ws_winktoken",
            "Positive Test Cases",
            "WS wss://app-payfaveuserservice-dev-001.azurewebsites.net/ws_winktoken/0/true/true"
          ],
          "duration": null,
          "failureDetails": [],
          "failureMessages": [],
          "fullName": "Route /ws_winktoken Positive Test Cases WS wss://app-payfaveuserservice-dev-001.azurewebsites.net/ws_winktoken/0/true/true Should return type 4 not having a device after sending face and audio with quality between 0.5 and 0.8.",
          "invocations": 1,
          "location": null,
          "numPassingAsserts": 0,
          "retryReasons": [],
          "status": "pending",
          "title": "Should return type 4 not having a device after sending face and audio with quality between 0.5 and 0.8."
        },
        {
          "ancestorTitles": [
            "Route /ws_winktoken",
            "Positive Test Cases",
            "WS wss://app-payfaveuserservice-dev-001.azurewebsites.net/ws_winktoken/123/true/false"
          ],
          "duration": null,
          "failureDetails": [],
          "failureMessages": [],
          "fullName": "Route /ws_winktoken Positive Test Cases WS wss://app-payfaveuserservice-dev-001.azurewebsites.net/ws_winktoken/123/true/false Should return type 10 after sending face with quality between 0.5 and 0.8 and no audio.",
          "invocations": 1,
          "location": null,
          "numPassingAsserts": 0,
          "retryReasons": [],
          "status": "pending",
          "title": "Should return type 10 after sending face with quality between 0.5 and 0.8 and no audio."
        },
        {
          "ancestorTitles": [
            "Route /ws_winktoken",
            "Negative Test Cases",
            "WS wss://app-payfaveuserservice-dev-001.azurewebsites.net/ws_winktoken/123/true/true"
          ],
          "duration": null,
          "failureDetails": [],
          "failureMessages": [],
          "fullName": "Route /ws_winktoken Negative Test Cases WS wss://app-payfaveuserservice-dev-001.azurewebsites.net/ws_winktoken/123/true/true Should return \"Failure to read video file.\" error message after sending invalid face and audio data.",
          "invocations": 1,
          "location": null,
          "numPassingAsserts": 0,
          "retryReasons": [],
          "status": "pending",
          "title": "Should return \"Failure to read video file.\" error message after sending invalid face and audio data."
        },
        {
          "ancestorTitles": [
            "Route /ws_winktoken",
            "Negative Test Cases",
            "WS wss://app-payfaveuserservice-dev-001.azurewebsites.net/ws_winktoken/0/true/true"
          ],
          "duration": null,
          "failureDetails": [],
          "failureMessages": [],
          "fullName": "Route /ws_winktoken Negative Test Cases WS wss://app-payfaveuserservice-dev-001.azurewebsites.net/ws_winktoken/0/true/true Should return \"Failure to read video file.\" error message after sending invalid face and audio data.",
          "invocations": 1,
          "location": null,
          "numPassingAsserts": 0,
          "retryReasons": [],
          "status": "pending",
          "title": "Should return \"Failure to read video file.\" error message after sending invalid face and audio data."
        },
        {
          "ancestorTitles": [
            "Route /ws_winktoken",
            "Negative Test Cases",
            "WS wss://app-payfaveuserservice-dev-001.azurewebsites.net/ws_winktoken/123/true/false"
          ],
          "duration": null,
          "failureDetails": [],
          "failureMessages": [],
          "fullName": "Route /ws_winktoken Negative Test Cases WS wss://app-payfaveuserservice-dev-001.azurewebsites.net/ws_winktoken/123/true/false Should return \"Failure to read video file.\" error message after sending invalid face and audio data.",
          "invocations": 1,
          "location": null,
          "numPassingAsserts": 0,
          "retryReasons": [],
          "status": "pending",
          "title": "Should return \"Failure to read video file.\" error message after sending invalid face and audio data."
        }
      ],
      "failureMessage": "  ● Route /ws_winktoken › Positive Test Cases › WS wss://app-payfaveuserservice-dev-001.azurewebsites.net/ws_winktoken/123/true/true › Should return type 10 after sending face and audio with quality less than 0.5 and no device.\n\n    thrown: \"Exceeded timeout of 40000 ms for a test.\n    Use jest.setTimeout(newTimeout) to increase the timeout value, if this is a long-running test.\"\n\n      146 |             });\n      147 |\n    > 148 |             it.only('Should return type 10 after sending face and audio with quality less than 0.5 and no device.', async () => {\n          |                ^\n      149 |                 await deleteUserDeviceWithVisitorId(VISITOR_ID);\n      150 |\n      151 |                 await request(baseWebSocketUrl)\n\n      at src/ws/winktoken.route.spec.ts:148:16\n      at src/ws/winktoken.route.spec.ts:55:9\n      at src/ws/winktoken.route.spec.ts:54:5\n      at Object.<anonymous> (src/ws/winktoken.route.spec.ts:17:1)\n"
    },
    {
      "leaks": false,
      "numFailingTests": 0,
      "numPassingTests": 2,
      "numPendingTests": 0,
      "numTodoTests": 0,
      "openHandles": [],
      "perfStats": {
        "end": 1656519173370,
        "runtime": 1175,
        "slow": false,
        "start": 1656519172195
      },
      "skipped": false,
      "snapshot": {
        "added": 0,
        "fileDeleted": false,
        "matched": 0,
        "unchecked": 0,
        "uncheckedKeys": [],
        "unmatched": 0,
        "updated": 0
      },
      "testFilePath": "/home/vsts/work/1/s/src/user.route.spec.ts",
      "testResults": [
        {
          "ancestorTitles": [
            "Route /User",
            "Positive Test Cases",
            "GET /User?FaceId={FaceId}"
          ],
          "duration": 15,
          "failureDetails": [],
          "failureMessages": [],
          "fullName": "Route /User Positive Test Cases GET /User?FaceId={FaceId} Should return valid data after sending valid Face IDs.",
          "invocations": 1,
          "location": null,
          "numPassingAsserts": 0,
          "retryReasons": [],
          "status": "passed",
          "title": "Should return valid data after sending valid Face IDs."
        },
        {
          "ancestorTitles": [
            "Route /User",
            "Negative Test Cases",
            "GET /User?FaceId=1"
          ],
          "duration": 167,
          "failureDetails": [],
          "failureMessages": [],
          "fullName": "Route /User Negative Test Cases GET /User?FaceId=1 Should return no data found after sending invalid Face ID.",
          "invocations": 1,
          "location": null,
          "numPassingAsserts": 0,
          "retryReasons": [],
          "status": "passed",
          "title": "Should return no data found after sending invalid Face ID."
        }
      ],
      "failureMessage": null
    },
    {
      "leaks": false,
      "numFailingTests": 0,
      "numPassingTests": 1,
      "numPendingTests": 0,
      "numTodoTests": 0,
      "openHandles": [],
      "perfStats": {
        "end": 1656519173660,
        "runtime": 283,
        "slow": false,
        "start": 1656519173377
      },
      "skipped": false,
      "snapshot": {
        "added": 0,
        "fileDeleted": false,
        "matched": 0,
        "unchecked": 0,
        "uncheckedKeys": [],
        "unmatched": 0,
        "updated": 0
      },
      "testFilePath": "/home/vsts/work/1/s/src/shipping.route.spec.ts",
      "testResults": [
        {
          "ancestorTitles": [
            "Route /Shipping",
            "Negative Test Cases",
            "GET /Shipping?visitorId=1"
          ],
          "duration": 73,
          "failureDetails": [],
          "failureMessages": [],
          "fullName": "Route /Shipping Negative Test Cases GET /Shipping?visitorId=1 Should return no data found after sending invalid FaceId.",
          "invocations": 1,
          "location": null,
          "numPassingAsserts": 0,
          "retryReasons": [],
          "status": "passed",
          "title": "Should return no data found after sending invalid FaceId."
        }
      ],
      "failureMessage": null
    }
  ],
  "wasInterrupted": false
}